[Tue, 07 Mar 2023 15:40:05 +0000] [/wp-admin/admin.php?page=w3tc_general&w3tc_message=64075ad579eb7] [https://wilsonairlines.com/wp-admin/admin.php?page=w3tc_general&amp;w3tc_note=preview_enable] skip processing because of generic constant
[Tue, 07 Mar 2023 15:40:12 +0000] [/wp-admin/admin.php?page=w3tc_browsercache] [https://wilsonairlines.com/wp-admin/admin.php?page=w3tc_general&amp;w3tc_message=64075ad579eb7] skip processing because of generic constant
[Tue, 07 Mar 2023 15:40:34 +0000] [/cityguide/] [https://wilsonairlines.com/] start, can_cache: false, reject reason: User is logged in
[Tue, 07 Mar 2023 15:40:36 +0000] [/cityguide/] [https://wilsonairlines.com/] storing cached page: false original false reason User is logged in
[Tue, 07 Mar 2023 15:40:45 +0000] [/wp-content/uploads/HongKong_CocktailBar_001.jpg] [https://wilsonairlines.com/cityguide/] start, can_cache: false, reject reason: User is logged in
[Tue, 07 Mar 2023 15:40:45 +0000] [/wp-content/uploads/HongKong_CocktailBar_001.jpg] [https://wilsonairlines.com/cityguide/] storing cached page: false original false reason User is logged in
[Tue, 07 Mar 2023 15:40:45 +0000] [/wp-content/uploads/Amsterdam_CocktailBar_265.c.jpg] [https://wilsonairlines.com/cityguide/] start, can_cache: false, reject reason: User is logged in
[Tue, 07 Mar 2023 15:40:45 +0000] [/wp-content/uploads/Amsterdam_CocktailBar_265.c.jpg] [https://wilsonairlines.com/cityguide/] storing cached page: false original false reason User is logged in
[Tue, 07 Mar 2023 15:40:46 +0000] [/wp-content/uploads/Milan_CocktailBar_1930.jpg] [https://wilsonairlines.com/cityguide/] start, can_cache: false, reject reason: User is logged in
[Tue, 07 Mar 2023 15:40:46 +0000] [/wp-content/uploads/NewYork_CocktailBar_67OrangeStreet.jpg] [https://wilsonairlines.com/cityguide/] start, can_cache: false, reject reason: User is logged in
[Tue, 07 Mar 2023 15:40:46 +0000] [/wp-content/uploads/Singapore_Bar_28HongKongStreet.jpg] [https://wilsonairlines.com/cityguide/] start, can_cache: false, reject reason: User is logged in
[Tue, 07 Mar 2023 15:40:46 +0000] [/wp-content/uploads/Ibiza_Hotel_6Senses.jpg] [https://wilsonairlines.com/cityguide/] start, can_cache: false, reject reason: User is logged in
[Tue, 07 Mar 2023 15:40:46 +0000] [/wp-content/uploads/Ibiza_Nighclub_Amnenesia.jpg] [https://wilsonairlines.com/cityguide/] start, can_cache: false, reject reason: User is logged in
[Tue, 07 Mar 2023 15:40:46 +0000] [/wp-content/uploads/Milan_CocktailBar_1930.jpg] [https://wilsonairlines.com/cityguide/] storing cached page: false original false reason User is logged in
[Tue, 07 Mar 2023 15:40:46 +0000] [/wp-content/uploads/NewYork_CocktailBar_AmoryAmargo.jpg] [https://wilsonairlines.com/cityguide/] start, can_cache: false, reject reason: User is logged in
[Tue, 07 Mar 2023 15:40:48 +0000] [/wp-content/uploads/Ibiza_Hotel_6Senses.jpg] [https://wilsonairlines.com/cityguide/] storing cached page: false original false reason User is logged in
[Tue, 07 Mar 2023 15:40:48 +0000] [/wp-content/uploads/NewYork_CocktailBar_67OrangeStreet.jpg] [https://wilsonairlines.com/cityguide/] storing cached page: false original false reason User is logged in
[Tue, 07 Mar 2023 15:40:49 +0000] [/wp-content/uploads/Singapore_Bar_28HongKongStreet.jpg] [https://wilsonairlines.com/cityguide/] storing cached page: false original false reason User is logged in
[Tue, 07 Mar 2023 15:40:49 +0000] [/wp-content/uploads/Ibiza_Nighclub_Amnenesia.jpg] [https://wilsonairlines.com/cityguide/] storing cached page: false original false reason User is logged in
[Tue, 07 Mar 2023 15:40:49 +0000] [/wp-content/uploads/NewYork_CocktailBar_AmoryAmargo.jpg] [https://wilsonairlines.com/cityguide/] storing cached page: false original false reason User is logged in
[Tue, 07 Mar 2023 15:41:17 +0000] [/wp-admin/admin-ajax.php] [https://wilsonairlines.com/wp-admin/admin.php?page=w3tc_browsercache] skip processing because of AJAX constant
[Tue, 07 Mar 2023 15:41:44 +0000] [/wp-admin/admin.php?page=w3tc_browsercache] [https://wilsonairlines.com/wp-admin/admin.php?page=w3tc_browsercache] skip processing because of generic constant
[Tue, 07 Mar 2023 15:41:45 +0000] [/wp-json/contact-form-7/v1/contact-forms/2974/feedback/schema] [https://wilsonairlines.com/cityguide/] start, can_cache: false, reject reason: User is logged in
[Tue, 07 Mar 2023 15:41:45 +0000] [/wp-json/contact-form-7/v1/contact-forms/2724/feedback/schema] [https://wilsonairlines.com/cityguide/] start, can_cache: false, reject reason: User is logged in
[Tue, 07 Mar 2023 15:41:45 +0000] [/wp-json/contact-form-7/v1/contact-forms/2974/feedback/schema] [https://wilsonairlines.com/cityguide/] storing cached page: false original false reason User is logged in
[Tue, 07 Mar 2023 15:41:45 +0000] [/wp-json/contact-form-7/v1/contact-forms/2724/feedback/schema] [https://wilsonairlines.com/cityguide/] storing cached page: false original false reason User is logged in
[Tue, 07 Mar 2023 15:41:46 +0000] [/wp-json/sl-insta/media/feed] [https://wilsonairlines.com/cityguide/] start, can_cache: false, reject reason: Requested method is POST
[Tue, 07 Mar 2023 15:41:46 +0000] [/wp-json/sl-insta/media/feed] [https://wilsonairlines.com/cityguide/] storing cached page: false original false reason Requested method is POST
[Tue, 07 Mar 2023 15:41:52 +0000] [/wp-admin/admin.php?page=w3tc_browsercache&w3tc_message=64075b39367df] [https://wilsonairlines.com/wp-admin/admin.php?page=w3tc_browsercache] skip processing because of generic constant
[Tue, 07 Mar 2023 15:41:57 +0000] [/wp-admin/admin-ajax.php] [https://wilsonairlines.com/wp-admin/admin.php?page=w3tc_browsercache&amp;w3tc_message=64075b39367df] skip processing because of AJAX constant
[Tue, 07 Mar 2023 15:41:58 +0000] [/favicon.ico] [https://wilsonairlines.com/wp-admin/admin.php?page=w3tc_browsercache&amp;w3tc_message=64075b39367df] start, can_cache: false, reject reason: User is logged in
[Tue, 07 Mar 2023 15:42:01 +0000] [/favicon.ico] [https://wilsonairlines.com/wp-admin/admin.php?page=w3tc_browsercache&amp;w3tc_message=64075b39367df] storing cached page: false original false reason User is logged in
[Tue, 07 Mar 2023 15:42:04 +0000] [/wp-admin/admin.php?page=w3tc_pgcache] [https://wilsonairlines.com/wp-admin/admin.php?page=w3tc_browsercache&amp;w3tc_message=64075b39367df] skip processing because of generic constant
[Tue, 07 Mar 2023 15:42:34 +0000] [/wp-json/contact-form-7/v1/contact-forms/2724/refill] [https://wilsonairlines.com/cityguide/] start, can_cache: false, reject reason: User is logged in
[Tue, 07 Mar 2023 15:42:34 +0000] [/wp-json/contact-form-7/v1/contact-forms/2974/refill] [https://wilsonairlines.com/cityguide/] start, can_cache: false, reject reason: User is logged in
[Tue, 07 Mar 2023 15:42:34 +0000] [/wp-json/contact-form-7/v1/contact-forms/2974/refill] [https://wilsonairlines.com/cityguide/] storing cached page: false original false reason User is logged in
[Tue, 07 Mar 2023 15:42:35 +0000] [/wp-json/contact-form-7/v1/contact-forms/2724/refill] [https://wilsonairlines.com/cityguide/] storing cached page: false original false reason User is logged in
[Tue, 07 Mar 2023 15:42:35 +0000] [/favicon.ico] [https://wilsonairlines.com/cityguide/] start, can_cache: false, reject reason: User is logged in
[Tue, 07 Mar 2023 15:42:36 +0000] [/favicon.ico] [https://wilsonairlines.com/cityguide/] storing cached page: false original false reason User is logged in
[Tue, 07 Mar 2023 15:42:41 +0000] [/wp-admin/admin.php?page=w3tc_dashboard] [https://wilsonairlines.com/wp-admin/admin.php?page=w3tc_pgcache] skip processing because of generic constant
[Tue, 07 Mar 2023 15:42:46 +0000] [/wp-admin/admin-ajax.php?action=w3tc_ajax&_wpnonce=641844bb13&w3tc_action=pagespeed_widgetdata] [https://wilsonairlines.com/wp-admin/admin.php?page=w3tc_dashboard] skip processing because of AJAX constant
[Tue, 07 Mar 2023 15:42:46 +0000] [/wp-admin/admin-ajax.php?action=w3tc_widget_latest_ajax&_wpnonce=641844bb13] [https://wilsonairlines.com/wp-admin/admin.php?page=w3tc_dashboard] skip processing because of AJAX constant
[Tue, 07 Mar 2023 15:42:46 +0000] [/wp-admin/admin-ajax.php?action=w3tc_widget_latest_news_ajax&_wpnonce=641844bb13] [https://wilsonairlines.com/wp-admin/admin.php?page=w3tc_dashboard] skip processing because of AJAX constant
[Tue, 07 Mar 2023 15:42:49 +0000] [/wp-admin/admin-ajax.php?action=w3tc_ajax&_wpnonce=641844bb13&w3tc_action=cdn_stackpath2_widgetdata] [https://wilsonairlines.com/wp-admin/admin.php?page=w3tc_dashboard] skip processing because of AJAX constant
[Tue, 07 Mar 2023 15:43:00 +0000] [/wp-admin/admin.php?page=w3tc_dashboard&w3tc_boldgrid_install&_wpnonce=641844bb13] [https://wilsonairlines.com/wp-admin/admin.php?page=w3tc_dashboard] skip processing because of generic constant
[Tue, 07 Mar 2023 15:43:01 +0000] [/wp-admin/update.php?action=install-plugin&plugin=boldgrid-backup&_wpnonce=433f5d5552] [https://wilsonairlines.com/wp-admin/admin.php?page=w3tc_dashboard] skip processing because of generic constant
[Tue, 07 Mar 2023 15:43:15 +0000] [/wp-admin/plugins.php?action=activate&plugin=boldgrid-backup%2Fboldgrid-backup.php&_wpnonce=ebbebe3404] [https://wilsonairlines.com/wp-admin/update.php?action=install-plugin&amp;plugin=boldgrid-backup&amp;_wpnonce=433f5d5552] skip processing because of generic constant
[Tue, 07 Mar 2023 15:43:20 +0000] [/wp-admin/plugins.php?activate=true&plugin_status=all&paged=1&s=] [https://wilsonairlines.com/wp-admin/update.php?action=install-plugin&amp;plugin=boldgrid-backup&amp;_wpnonce=433f5d5552] skip processing because of generic constant
[Tue, 07 Mar 2023 15:44:31 +0000] [/wp-admin/admin-ajax.php] [https://wilsonairlines.com/wp-admin/plugins.php?plugin_status=all&amp;paged=1&amp;s] skip processing because of AJAX constant
[Tue, 07 Mar 2023 15:45:23 +0000] [/cityguide/] [https://wilsonairlines.com/] start, can_cache: false, reject reason: User is logged in
[Tue, 07 Mar 2023 15:45:24 +0000] [/cityguide/] [https://wilsonairlines.com/] storing cached page: false original false reason User is logged in
[Tue, 07 Mar 2023 15:45:37 +0000] [/wp-admin/admin-ajax.php] [https://wilsonairlines.com/wp-admin/plugins.php?plugin_status=all&amp;paged=1&amp;s] skip processing because of AJAX constant
[Tue, 07 Mar 2023 15:45:44 +0000] [/wp-content/uploads/NewYork_CocktailBar_67OrangeStreet.jpg] [https://wilsonairlines.com/cityguide/] start, can_cache: false, reject reason: User is logged in
[Tue, 07 Mar 2023 15:45:44 +0000] [/wp-content/uploads/Singapore_Bar_28HongKongStreet.jpg] [https://wilsonairlines.com/cityguide/] start, can_cache: false, reject reason: User is logged in
[Tue, 07 Mar 2023 15:45:44 +0000] [/wp-content/uploads/NewYork_CocktailBar_67OrangeStreet.jpg] [https://wilsonairlines.com/cityguide/] storing cached page: false original false reason User is logged in
[Tue, 07 Mar 2023 15:45:44 +0000] [/wp-content/uploads/Singapore_Bar_28HongKongStreet.jpg] [https://wilsonairlines.com/cityguide/] storing cached page: false original false reason User is logged in
[Tue, 07 Mar 2023 15:45:45 +0000] [/wp-content/uploads/Milan_CocktailBar_1930.jpg] [https://wilsonairlines.com/cityguide/] start, can_cache: false, reject reason: User is logged in
[Tue, 07 Mar 2023 15:45:45 +0000] [/wp-content/uploads/Amsterdam_CocktailBar_265.c.jpg] [https://wilsonairlines.com/cityguide/] start, can_cache: false, reject reason: User is logged in
[Tue, 07 Mar 2023 15:45:45 +0000] [/wp-content/uploads/Ibiza_Hotel_6Senses.jpg] [https://wilsonairlines.com/cityguide/] start, can_cache: false, reject reason: User is logged in
[Tue, 07 Mar 2023 15:45:45 +0000] [/wp-content/uploads/HongKong_CocktailBar_001.jpg] [https://wilsonairlines.com/cityguide/] start, can_cache: false, reject reason: User is logged in
[Tue, 07 Mar 2023 15:45:45 +0000] [/wp-content/uploads/Milan_CocktailBar_1930.jpg] [https://wilsonairlines.com/cityguide/] storing cached page: false original false reason User is logged in
[Tue, 07 Mar 2023 15:45:45 +0000] [/wp-content/uploads/Amsterdam_CocktailBar_265.c.jpg] [https://wilsonairlines.com/cityguide/] storing cached page: false original false reason User is logged in
[Tue, 07 Mar 2023 15:45:46 +0000] [/wp-content/uploads/NewYork_CocktailBar_AmoryAmargo.jpg] [https://wilsonairlines.com/cityguide/] start, can_cache: false, reject reason: User is logged in
[Tue, 07 Mar 2023 15:45:46 +0000] [/wp-content/uploads/Ibiza_Nighclub_Amnenesia.jpg] [https://wilsonairlines.com/cityguide/] start, can_cache: false, reject reason: User is logged in
[Tue, 07 Mar 2023 15:45:47 +0000] [/wp-content/uploads/NewYork_CocktailBar_AmoryAmargo.jpg] [https://wilsonairlines.com/cityguide/] storing cached page: false original false reason User is logged in
[Tue, 07 Mar 2023 15:45:47 +0000] [/wp-content/uploads/Ibiza_Hotel_6Senses.jpg] [https://wilsonairlines.com/cityguide/] storing cached page: false original false reason User is logged in
[Tue, 07 Mar 2023 15:45:47 +0000] [/wp-content/uploads/HongKong_CocktailBar_001.jpg] [https://wilsonairlines.com/cityguide/] storing cached page: false original false reason User is logged in
[Tue, 07 Mar 2023 15:45:48 +0000] [/wp-content/uploads/Ibiza_Nighclub_Amnenesia.jpg] [https://wilsonairlines.com/cityguide/] storing cached page: false original false reason User is logged in
[Tue, 07 Mar 2023 15:46:37 +0000] [/wp-admin/admin-ajax.php] [https://wilsonairlines.com/wp-admin/plugins.php?plugin_status=all&amp;paged=1&amp;s] skip processing because of AJAX constant
[Tue, 07 Mar 2023 15:47:04 +0000] [/wp-admin/admin.php?page=w3tc_support] [https://wilsonairlines.com/wp-admin/plugins.php?plugin_status=all&amp;paged=1&amp;s] skip processing because of generic constant
[Tue, 07 Mar 2023 15:47:06 +0000] [/wp-json/contact-form-7/v1/contact-forms/2724/feedback/schema] [https://wilsonairlines.com/cityguide/] start, can_cache: false, reject reason: User is logged in
[Tue, 07 Mar 2023 15:47:06 +0000] [/wp-json/contact-form-7/v1/contact-forms/2974/feedback/schema] [https://wilsonairlines.com/cityguide/] start, can_cache: false, reject reason: User is logged in
[Tue, 07 Mar 2023 15:47:07 +0000] [/wp-json/contact-form-7/v1/contact-forms/2724/refill] [https://wilsonairlines.com/cityguide/] start, can_cache: false, reject reason: User is logged in
[Tue, 07 Mar 2023 15:47:07 +0000] [/wp-json/contact-form-7/v1/contact-forms/2974/refill] [https://wilsonairlines.com/cityguide/] start, can_cache: false, reject reason: User is logged in
[Tue, 07 Mar 2023 15:47:07 +0000] [/favicon.ico] [https://wilsonairlines.com/cityguide/] start, can_cache: false, reject reason: User is logged in
[Tue, 07 Mar 2023 15:47:10 +0000] [/wp-json/contact-form-7/v1/contact-forms/2974/feedback/schema] [https://wilsonairlines.com/cityguide/] storing cached page: false original false reason User is logged in
[Tue, 07 Mar 2023 15:47:10 +0000] [/wp-json/contact-form-7/v1/contact-forms/2974/refill] [https://wilsonairlines.com/cityguide/] storing cached page: false original false reason User is logged in
[Tue, 07 Mar 2023 15:47:10 +0000] [/wp-json/contact-form-7/v1/contact-forms/2724/refill] [https://wilsonairlines.com/cityguide/] storing cached page: false original false reason User is logged in
[Tue, 07 Mar 2023 15:47:10 +0000] [/favicon.ico] [https://wilsonairlines.com/cityguide/] storing cached page: false original false reason User is logged in
[Tue, 07 Mar 2023 15:47:10 +0000] [/wp-json/contact-form-7/v1/contact-forms/2724/feedback/schema] [https://wilsonairlines.com/cityguide/] storing cached page: false original false reason User is logged in
[Tue, 07 Mar 2023 15:47:25 +0000] [/wp-admin/admin-ajax.php] [https://wilsonairlines.com/cityguide/] skip processing because of AJAX constant
[Tue, 07 Mar 2023 15:47:25 +0000] [/wp-admin/admin-ajax.php] [https://wilsonairlines.com/cityguide/] skip processing because of AJAX constant
[Tue, 07 Mar 2023 15:47:27 +0000] [/wp-admin/admin-ajax.php] [https://wilsonairlines.com/wp-admin/admin.php?page=w3tc_support] skip processing because of AJAX constant
[Tue, 07 Mar 2023 15:47:35 +0000] [/favicon.ico] [https://wilsonairlines.com/wp-admin/admin.php?page=w3tc_support] start, can_cache: false, reject reason: User is logged in
[Tue, 07 Mar 2023 15:47:35 +0000] [/favicon.ico] [https://wilsonairlines.com/wp-admin/admin.php?page=w3tc_support] storing cached page: false original false reason User is logged in
[Tue, 07 Mar 2023 15:47:36 +0000] [/wp-content/uploads/Paris_CocktailBar_Bar1802.jpg] [https://wilsonairlines.com/cityguide/] start, can_cache: false, reject reason: User is logged in
[Tue, 07 Mar 2023 15:47:36 +0000] [/wp-content/uploads/Paris_CocktailBar_BarHemingwayattheRitz.jpg] [https://wilsonairlines.com/cityguide/] start, can_cache: false, reject reason: User is logged in
[Tue, 07 Mar 2023 15:47:36 +0000] [/wp-content/uploads/Paris_CocktailBar_Bar1802.jpg] [https://wilsonairlines.com/cityguide/] storing cached page: false original false reason User is logged in
[Tue, 07 Mar 2023 15:47:37 +0000] [/wp-content/uploads/Paris_CocktailBar_BarHemingwayattheRitz.jpg] [https://wilsonairlines.com/cityguide/] storing cached page: false original false reason User is logged in
[Tue, 07 Mar 2023 15:47:41 +0000] [/wp-content/uploads/Paris_CocktailBar_Bisou.jpg] [https://wilsonairlines.com/cityguide/] start, can_cache: false, reject reason: User is logged in
[Tue, 07 Mar 2023 15:47:42 +0000] [/wp-content/uploads/Paris_CocktailBar_Bisou.jpg] [https://wilsonairlines.com/cityguide/] storing cached page: false original false reason User is logged in
[Tue, 07 Mar 2023 15:47:43 +0000] [/wp-content/uploads/Paris_CocktailBar_Bluebird.jpg] [https://wilsonairlines.com/cityguide/] start, can_cache: false, reject reason: User is logged in
[Tue, 07 Mar 2023 15:47:43 +0000] [/wp-content/uploads/Paris_CocktailBar_Bluebird.jpg] [https://wilsonairlines.com/cityguide/] storing cached page: false original false reason User is logged in
[Tue, 07 Mar 2023 15:47:45 +0000] [/wp-content/uploads/Paris_CocktailBar_Caf%C3%A9Moderne.jpg] [https://wilsonairlines.com/cityguide/] start, can_cache: false, reject reason: User is logged in
[Tue, 07 Mar 2023 15:47:45 +0000] [/wp-content/uploads/Paris_CocktailBar_Caf%C3%A9Moderne.jpg] [https://wilsonairlines.com/cityguide/] storing cached page: false original false reason User is logged in
[Tue, 07 Mar 2023 15:47:45 +0000] [/wp-content/uploads/Paris_CocktailBar_CambridgePublicHouse.jpg] [https://wilsonairlines.com/cityguide/] start, can_cache: false, reject reason: User is logged in
[Tue, 07 Mar 2023 15:47:46 +0000] [/wp-content/uploads/Paris_CocktailBar_CambridgePublicHouse.jpg] [https://wilsonairlines.com/cityguide/] storing cached page: false original false reason User is logged in
[Tue, 07 Mar 2023 15:47:46 +0000] [/wp-admin/admin-ajax.php] [https://wilsonairlines.com/wp-admin/admin.php?page=w3tc_support] skip processing because of AJAX constant
[Tue, 07 Mar 2023 15:47:46 +0000] [/wp-content/uploads/Paris_CocktailBar_Candelaria.jpg] [https://wilsonairlines.com/cityguide/] start, can_cache: false, reject reason: User is logged in
[Tue, 07 Mar 2023 15:47:47 +0000] [/wp-content/uploads/Paris_CocktailBar_Candelaria.jpg] [https://wilsonairlines.com/cityguide/] storing cached page: false original false reason User is logged in
[Tue, 07 Mar 2023 15:47:47 +0000] [/wp-content/uploads/Paris_CocktailBar_Combat.jpg] [https://wilsonairlines.com/cityguide/] start, can_cache: false, reject reason: User is logged in
[Tue, 07 Mar 2023 15:47:47 +0000] [/wp-content/uploads/Paris_CocktailBar_Combat.jpg] [https://wilsonairlines.com/cityguide/] storing cached page: false original false reason User is logged in
[Tue, 07 Mar 2023 15:47:49 +0000] [/wp-content/uploads/Paris_CocktailBar_Copperbay.jpg] [https://wilsonairlines.com/cityguide/] start, can_cache: false, reject reason: User is logged in
[Tue, 07 Mar 2023 15:47:49 +0000] [/wp-content/uploads/Paris_CocktailBar_Copperbay.jpg] [https://wilsonairlines.com/cityguide/] storing cached page: false original false reason User is logged in
[Tue, 07 Mar 2023 15:47:52 +0000] [/wp-content/uploads/Paris_CocktailBar_Danico.jpg] [https://wilsonairlines.com/cityguide/] start, can_cache: false, reject reason: User is logged in
[Tue, 07 Mar 2023 15:47:52 +0000] [/wp-content/uploads/Paris_CocktailBar_Danico.jpg] [https://wilsonairlines.com/cityguide/] storing cached page: false original false reason User is logged in
[Tue, 07 Mar 2023 15:47:54 +0000] [/wp-content/uploads/Paris_CocktailBar_DirtyDick.jpg] [https://wilsonairlines.com/cityguide/] start, can_cache: false, reject reason: User is logged in
[Tue, 07 Mar 2023 15:47:54 +0000] [/wp-content/uploads/Paris_CocktailBar_DirtyDick.jpg] [https://wilsonairlines.com/cityguide/] storing cached page: false original false reason User is logged in
[Tue, 07 Mar 2023 15:47:55 +0000] [/wp-content/uploads/Paris_CocktailBar_DirtyLemon.jpg] [https://wilsonairlines.com/cityguide/] start, can_cache: false, reject reason: User is logged in
[Tue, 07 Mar 2023 15:47:55 +0000] [/wp-content/uploads/Paris_CocktailBar_DirtyLemon.jpg] [https://wilsonairlines.com/cityguide/] storing cached page: false original false reason User is logged in
[Tue, 07 Mar 2023 15:47:59 +0000] [/wp-admin/plugins.php?plugin_status=all&paged=1&s] [https://wilsonairlines.com/wp-admin/update.php?action=install-plugin&amp;plugin=boldgrid-backup&amp;_wpnonce=433f5d5552] skip processing because of generic constant
[Tue, 07 Mar 2023 15:48:28 +0000] [/wp-admin/admin.php?page=w3tc_general] [https://wilsonairlines.com/wp-admin/plugins.php?plugin_status=all&amp;paged=1&amp;s] skip processing because of generic constant
[Tue, 07 Mar 2023 15:48:36 +0000] [/] [https://wilsonairlines.com/cityguide/] start, can_cache: false, reject reason: User is logged in
[Tue, 07 Mar 2023 15:48:37 +0000] [/] [https://wilsonairlines.com/cityguide/] storing cached page: false original false reason User is logged in
[Tue, 07 Mar 2023 15:48:58 +0000] [/wp-json/contact-form-7/v1/contact-forms/2724/feedback/schema] [https://wilsonairlines.com/] start, can_cache: false, reject reason: User is logged in
[Tue, 07 Mar 2023 15:48:58 +0000] [/wp-json/contact-form-7/v1/contact-forms/2974/feedback/schema] [https://wilsonairlines.com/] start, can_cache: false, reject reason: User is logged in
[Tue, 07 Mar 2023 15:48:59 +0000] [/wp-json/contact-form-7/v1/contact-forms/2724/feedback/schema] [https://wilsonairlines.com/] storing cached page: false original false reason User is logged in
[Tue, 07 Mar 2023 15:48:59 +0000] [/wp-json/contact-form-7/v1/contact-forms/2724/feedback/schema] [https://wilsonairlines.com/] start, can_cache: false, reject reason: User is logged in
[Tue, 07 Mar 2023 15:48:59 +0000] [/wp-json/contact-form-7/v1/contact-forms/2974/feedback/schema] [https://wilsonairlines.com/] storing cached page: false original false reason User is logged in
[Tue, 07 Mar 2023 15:49:00 +0000] [/wp-json/contact-form-7/v1/contact-forms/2724/feedback/schema] [https://wilsonairlines.com/] storing cached page: false original false reason User is logged in
[Tue, 07 Mar 2023 15:49:00 +0000] [/wp-json/sl-insta/media/feed] [https://wilsonairlines.com/] start, can_cache: false, reject reason: Requested method is POST
[Tue, 07 Mar 2023 15:49:00 +0000] [/wp-json/sl-insta/media/feed] [https://wilsonairlines.com/] storing cached page: false original false reason Requested method is POST
[Tue, 07 Mar 2023 15:49:07 +0000] [/wp-json/contact-form-7/v1/contact-forms/2724/refill] [https://wilsonairlines.com/] start, can_cache: false, reject reason: User is logged in
[Tue, 07 Mar 2023 15:49:07 +0000] [/wp-json/contact-form-7/v1/contact-forms/2974/refill] [https://wilsonairlines.com/] start, can_cache: false, reject reason: User is logged in
[Tue, 07 Mar 2023 15:49:07 +0000] [/wp-json/contact-form-7/v1/contact-forms/2724/refill] [https://wilsonairlines.com/] storing cached page: false original false reason User is logged in
[Tue, 07 Mar 2023 15:49:07 +0000] [/wp-json/contact-form-7/v1/contact-forms/2974/refill] [https://wilsonairlines.com/] storing cached page: false original false reason User is logged in
[Tue, 07 Mar 2023 15:49:08 +0000] [/wp-json/contact-form-7/v1/contact-forms/2724/refill] [https://wilsonairlines.com/] start, can_cache: false, reject reason: User is logged in
[Tue, 07 Mar 2023 15:49:08 +0000] [/wp-json/contact-form-7/v1/contact-forms/2724/refill] [https://wilsonairlines.com/] storing cached page: false original false reason User is logged in
[Tue, 07 Mar 2023 15:49:46 +0000] [/wp-admin/admin-ajax.php] [https://wilsonairlines.com/wp-admin/admin.php?page=w3tc_general] skip processing because of AJAX constant
[Tue, 07 Mar 2023 15:50:46 +0000] [/wp-admin/admin-ajax.php] [https://wilsonairlines.com/wp-admin/admin.php?page=w3tc_general] skip processing because of AJAX constant
[Tue, 07 Mar 2023 15:51:47 +0000] [/wp-admin/admin-ajax.php] [https://wilsonairlines.com/wp-admin/admin.php?page=w3tc_general] skip processing because of AJAX constant
[Tue, 07 Mar 2023 15:52:04 +0000] [/wp-admin/admin.php?page=w3tc_general] [https://wilsonairlines.com/wp-admin/admin.php?page=w3tc_general] skip processing because of generic constant
